Unity Editor version:    2021.2.11f1 (e50cafbb4399)
Branch:                  2021.2/staging
Build type:              Release
Batch mode:              YES
macOS version:           Version 12.1 (Build 21C52)
Darwin version:          21.2.0
Architecture:            x86_64
Running under Rosetta:   NO
Available memory:        16384 MB
Using pre-set license
Pro License: NO

COMMAND LINE ARGUMENTS:
/Applications/Unity/Hub/Editor/2021.2.11f1/Unity.app/Contents/MacOS/Unity
-adb2
-batchMode
-noUpm
-name
AssetImportWorker0
-projectPath
/Users/shule/unity/pixel-0211
-logFile
Logs/AssetImportWorker0.log
-srvPort
55472
Successfully changed project path to: /Users/shule/unity/pixel-0211
/Users/shule/unity/pixel-0211
[UnityMemory] Configuration Parameters - Can be set up in boot.config
    "memorysetup-bucket-allocator-granularity=16"
    "memorysetup-bucket-allocator-bucket-count=8"
    "memorysetup-bucket-allocator-block-size=33554432"
    "memorysetup-bucket-allocator-block-count=8"
    "memorysetup-main-allocator-block-size=16777216"
    "memorysetup-thread-allocator-block-size=16777216"
    "memorysetup-gfx-main-allocator-block-size=16777216"
    "memorysetup-gfx-thread-allocator-block-size=16777216"
    "memorysetup-cache-allocator-block-size=4194304"
    "memorysetup-typetree-allocator-block-size=2097152"
    "memorysetup-profiler-bucket-allocator-granularity=16"
    "memorysetup-profiler-bucket-allocator-bucket-count=8"
    "memorysetup-profiler-bucket-allocator-block-size=33554432"
    "memorysetup-profiler-bucket-allocator-block-count=8"
    "memorysetup-profiler-allocator-block-size=16777216"
    "memorysetup-profiler-editor-allocator-block-size=1048576"
    "memorysetup-temp-allocator-size-main=16777216"
    "memorysetup-job-temp-allocator-block-size=2097152"
    "memorysetup-job-temp-allocator-block-size-background=1048576"
    "memorysetup-job-temp-allocator-reduction-small-platforms=262144"
    "memorysetup-temp-allocator-size-background-worker=32768"
    "memorysetup-temp-allocator-size-job-worker=262144"
    "memorysetup-temp-allocator-size-preload-manager=33554432"
    "memorysetup-temp-allocator-size-nav-mesh-worker=65536"
    "memorysetup-temp-allocator-size-audio-worker=65536"
    "memorysetup-temp-allocator-size-cloud-worker=32768"
    "memorysetup-temp-allocator-size-gi-baking-worker=262144"
    "memorysetup-temp-allocator-size-gfx=262144"
Refreshing native plugins compatible for Editor in 58.50 ms, found 3 plugins.
Preloading 0 native plugins for Editor in 0.00 ms.
Initialize engine version: 2021.2.11f1 (e50cafbb4399)
[Subsystems] Discovering subsystems at path /Applications/Unity/Hub/Editor/2021.2.11f1/Unity.app/Contents/Resources/UnitySubsystems
[Subsystems] Discovering subsystems at path /Users/shule/unity/pixel-0211/Assets
GfxDevice: creating device client; threaded=0; jobified=0
M2380D-PM preferred device: Intel(R) Iris(TM) Plus Graphics 650 (low power)
Metal devices available: 1
0: Intel(R) Iris(TM) Plus Graphics 650 (low power)
Using device Intel(R) Iris(TM) Plus Graphics 650 (low power)
Initializing Metal device caps: Intel(R) Iris(TM) Plus Graphics 650
Initialize mono
Mono path[0] = '/Applications/Unity/Hub/Editor/2021.2.11f1/Unity.app/Contents/Managed'
Mono path[1] = '/Applications/Unity/Hub/Editor/2021.2.11f1/Unity.app/Contents/MonoBleedingEdge/lib/mono/unityjit-macos'
Mono config path = '/Applications/Unity/Hub/Editor/2021.2.11f1/Unity.app/Contents/MonoBleedingEdge/etc'
Using monoOptions --debugger-agent=transport=dt_socket,embedding=1,server=y,suspend=n,address=127.0.0.1:56471
Begin MonoManager ReloadAssembly
Registering precompiled unity dll's ...
Register platform support module: /Applications/Unity/Hub/Editor/2021.2.11f1/Unity.app/Contents/PlaybackEngines/MacStandaloneSupport/UnityEditor.OSXStandalone.Extensions.dll
Registered in 0.004429 seconds.
Native extension for OSXStandalone target not found
Refreshing native plugins compatible for Editor in 67.70 ms, found 3 plugins.
Preloading 0 native plugins for Editor in 0.00 ms.
Mono: successfully reloaded assembly
- Completed reload, in  0.964 seconds
Domain Reload Profiling:
	ReloadAssembly (965ms)
		BeginReloadAssembly (157ms)
			ExecutionOrderSort (0ms)
			DisableScriptedObjects (0ms)
			BackupInstance (0ms)
			ReleaseScriptingObjects (0ms)
			CreateAndSetChildDomain (1ms)
		EndReloadAssembly (671ms)
			LoadAssemblies (158ms)
			RebuildTransferFunctionScriptingTraits (0ms)
			SetupTypeCache (203ms)
			ReleaseScriptCaches (0ms)
			RebuildScriptCaches (42ms)
			SetupLoadedEditorAssemblies (353ms)
				LogAssemblyErrors (0ms)
				InitializePlatformSupportModulesInManaged (18ms)
				SetLoadedEditorAssemblies (0ms)
				RefreshPlugins (68ms)
				BeforeProcessingInitializeOnLoad (1ms)
				ProcessInitializeOnLoadAttributes (206ms)
				ProcessInitializeOnLoadMethodAttributes (59ms)
				AfterProcessingInitializeOnLoad (0ms)
				EditorAssembliesLoaded (0ms)
			ExecutionOrderSort2 (0ms)
			AwakeInstancesAfterBackupRestoration (0ms)
Platform modules already initialized, skipping
Registering precompiled user dll's ...
Registered in 0.012416 seconds.
Begin MonoManager ReloadAssembly
Native extension for OSXStandalone target not found
Refreshing native plugins compatible for Editor in 66.75 ms, found 3 plugins.
Preloading 0 native plugins for Editor in 0.00 ms.
Mono: successfully reloaded assembly
- Completed reload, in  3.290 seconds
Domain Reload Profiling:
	ReloadAssembly (3291ms)
		BeginReloadAssembly (153ms)
			ExecutionOrderSort (0ms)
			DisableScriptedObjects (8ms)
			BackupInstance (0ms)
			ReleaseScriptingObjects (0ms)
			CreateAndSetChildDomain (25ms)
		EndReloadAssembly (2980ms)
			LoadAssemblies (164ms)
			RebuildTransferFunctionScriptingTraits (0ms)
			SetupTypeCache (310ms)
			ReleaseScriptCaches (1ms)
			RebuildScriptCaches (76ms)
			SetupLoadedEditorAssemblies (2385ms)
				LogAssemblyErrors (0ms)
				InitializePlatformSupportModulesInManaged (9ms)
				SetLoadedEditorAssemblies (0ms)
				RefreshPlugins (67ms)
				BeforeProcessingInitializeOnLoad (96ms)
				ProcessInitializeOnLoadAttributes (2157ms)
				ProcessInitializeOnLoadMethodAttributes (53ms)
				AfterProcessingInitializeOnLoad (2ms)
				EditorAssembliesLoaded (0ms)
			ExecutionOrderSort2 (0ms)
			AwakeInstancesAfterBackupRestoration (11ms)
Platform modules already initialized, skipping
========================================================================
Worker process is ready to serve import requests
Launching external process: /Applications/Unity/Hub/Editor/2021.2.11f1/Unity.app/Contents/Tools/UnityShaderCompiler
Launched and connected shader compiler UnityShaderCompiler after 0.08 seconds
Refreshing native plugins compatible for Editor in 0.54 ms, found 3 plugins.
Preloading 0 native plugins for Editor in 0.00 ms.
Unloading 2471 Unused Serialized files (Serialized files now loaded: 0)
Unloading 34 unused Assets / (43.8 KB). Loaded Objects now: 2930.
Memory consumption went from 221.8 MB to 221.7 MB.
Total: 6.675011 ms (FindLiveObjects: 0.344402 ms CreateObjectMapping: 0.312866 ms MarkObjects: 5.914744 ms  DeleteObjects: 0.101321 ms)

AssetImportParameters requested are different than current active one (requested -> active):
  custom:video-decoder-ogg-theora: a1e56fd34408186e4bbccfd4996cb3dc -> 
  custom:container-muxer-webm: aa71ff27fc2769a1b78a27578f13a17b -> 
  custom:container-demuxer-webm: 4f35f7cbe854078d1ac9338744f61a02 -> 
  custom:video-encoder-webm-vp8: eb34c28f22e8b96e1ab97ce403110664 -> 
  custom:framework-osx-AVFoundation: e770b220cccbd017edd2c1fefb359320 -> 
  custom:audio-encoder-webm-vorbis: bf7c407c2cedff20999df2af8eb42d56 -> 
  custom:container-demuxer-ogg: 62fdf1f143b41e24485cea50d1cbac27 -> 
  custom:video-decoder-webm-vp8: 9c59270c3fd7afecdb556c50c9e8de78 -> 
  custom:audio-decoder-ogg-vorbis: bf7c407c2cedff20999df2af8eb42d56 -> 
========================================================================
Received Import Request.
  Time since last request: 433850.378323 seconds.
  path: Packages/com.unity.ide.visualstudio/package.json
  artifactKey: Guid(656f74f6edaa396458412b9e3903d8cd) Importer(815301076,1909f56bfc062723c751e8b465ee728b)
Start importing Packages/com.unity.ide.visualstudio/package.json using Guid(656f74f6edaa396458412b9e3903d8cd) Importer(815301076,1909f56bfc062723c751e8b465ee728b)  -> (artifact id: 'da7c492f8a49c25c8cf3003332749c69') in 1.115849 seconds 
========================================================================
Received Import Request.
  Time since last request: 0.000228 seconds.
  path: Assets/Gizmos/ProCamera2D/gizmo_icon_bound_top.png
  artifactKey: Guid(e1ed9e2df87cb4d93935a418e92da78c) Importer(815301076,1909f56bfc062723c751e8b465ee728b)
Start importing Assets/Gizmos/ProCamera2D/gizmo_icon_bound_top.png using Guid(e1ed9e2df87cb4d93935a418e92da78c) Importer(815301076,1909f56bfc062723c751e8b465ee728b)  -> (artifact id: 'b58cfc8cff1fd428ccbf76216ff5f41a') in 1.008108 seconds 
========================================================================
Received Import Request.
  Time since last request: 0.000114 seconds.
  path: Packages/com.unity.collab-proxy/package.json
  artifactKey: Guid(743fda8c4b219c8429fb5a77ede1c879) Importer(815301076,1909f56bfc062723c751e8b465ee728b)
Start importing Packages/com.unity.collab-proxy/package.json using Guid(743fda8c4b219c8429fb5a77ede1c879) Importer(815301076,1909f56bfc062723c751e8b465ee728b)  -> (artifact id: 'f3fb9a2f039643116b39cf8b18853872') in 0.004799 seconds 
========================================================================
Received Import Request.
  Time since last request: 0.000099 seconds.
  path: Packages/com.unity.test-framework/package.json
  artifactKey: Guid(d6a2e6e4803de7b43baacdc355fc144d) Importer(815301076,1909f56bfc062723c751e8b465ee728b)
Start importing Packages/com.unity.test-framework/package.json using Guid(d6a2e6e4803de7b43baacdc355fc144d) Importer(815301076,1909f56bfc062723c751e8b465ee728b)  -> (artifact id: '094151556ee109ba1c7732a77f343d66') in 0.002304 seconds 
========================================================================
Received Import Request.
  Time since last request: 0.000416 seconds.
  path: Assets/Gizmos/ProCamera2D/gizmo_icon_rails_disable.png
  artifactKey: Guid(389f2e7028353462296239a32f377f8a) Importer(815301076,1909f56bfc062723c751e8b465ee728b)
Start importing Assets/Gizmos/ProCamera2D/gizmo_icon_rails_disable.png using Guid(389f2e7028353462296239a32f377f8a) Importer(815301076,1909f56bfc062723c751e8b465ee728b)  -> (artifact id: '53d1043caf160f50cfbd11ead6e84150') in 0.017210 seconds 
========================================================================
Received Import Request.
  Time since last request: 0.000083 seconds.
  path: Assets/Gizmos/ProCamera2D/gizmo_icon_bound_left.png
  artifactKey: Guid(d7d83fbcde0de4dc294b4d1592e21d7e) Importer(815301076,1909f56bfc062723c751e8b465ee728b)
Start importing Assets/Gizmos/ProCamera2D/gizmo_icon_bound_left.png using Guid(d7d83fbcde0de4dc294b4d1592e21d7e) Importer(815301076,1909f56bfc062723c751e8b465ee728b)  -> (artifact id: '46c99550eb6cfd2c9c49b07955482e61') in 0.008890 seconds 
========================================================================
Received Import Request.
  Time since last request: 0.000058 seconds.
  path: Packages/com.unity.services.core/package.json
  artifactKey: Guid(182c5bcc97fc21747a9ca5e01da1ed3f) Importer(815301076,1909f56bfc062723c751e8b465ee728b)
Start importing Packages/com.unity.services.core/package.json using Guid(182c5bcc97fc21747a9ca5e01da1ed3f) Importer(815301076,1909f56bfc062723c751e8b465ee728b)  -> (artifact id: '30d3c5b46eb7333bba6953d3cb3817e3') in 0.003506 seconds 
========================================================================
Received Import Request.
  Time since last request: 0.000105 seconds.
  path: Assets/Gizmos/ProCamera2D/gizmo_icon_bound_right.png
  artifactKey: Guid(d56b9ee72bc9d45c5927e0724c14e54d) Importer(815301076,1909f56bfc062723c751e8b465ee728b)
Start importing Assets/Gizmos/ProCamera2D/gizmo_icon_bound_right.png using Guid(d56b9ee72bc9d45c5927e0724c14e54d) Importer(815301076,1909f56bfc062723c751e8b465ee728b)  -> (artifact id: '930e63883bbe52b2f59ebf1eac93a26c') in 0.008702 seconds 
========================================================================
Received Import Request.
  Time since last request: 0.000085 seconds.
  path: Assets/Gizmos/ProCamera2D/pro_camera_2d_icon.png
  artifactKey: Guid(67c8808fdefd0477fa15756c5b37b2bc) Importer(815301076,1909f56bfc062723c751e8b465ee728b)
Start importing Assets/Gizmos/ProCamera2D/pro_camera_2d_icon.png using Guid(67c8808fdefd0477fa15756c5b37b2bc) Importer(815301076,1909f56bfc062723c751e8b465ee728b)  -> (artifact id: '065a3990f4d0d668e6ff0496e64d273d') in 0.025618 seconds 
========================================================================
Received Import Request.
  Time since last request: 0.000070 seconds.
  path: Assets/Gizmos/ProCamera2D/gizmo_icon_rails_enable.png
  artifactKey: Guid(adf00fb5c6ed14079aa257db55df3e14) Importer(815301076,1909f56bfc062723c751e8b465ee728b)
Start importing Assets/Gizmos/ProCamera2D/gizmo_icon_rails_enable.png using Guid(adf00fb5c6ed14079aa257db55df3e14) Importer(815301076,1909f56bfc062723c751e8b465ee728b)  -> (artifact id: 'ce737dc5b85334eb96ec408878fc0aba') in 0.028468 seconds 
========================================================================
Received Import Request.
  Time since last request: 0.000106 seconds.
  path: Assets/Gizmos/ProCamera2D/gizmo_icon_zoom_out.png
  artifactKey: Guid(55ce5031874ea40ecb3c0571a60df10e) Importer(815301076,1909f56bfc062723c751e8b465ee728b)
Start importing Assets/Gizmos/ProCamera2D/gizmo_icon_zoom_out.png using Guid(55ce5031874ea40ecb3c0571a60df10e) Importer(815301076,1909f56bfc062723c751e8b465ee728b)  -> (artifact id: '4cd1ad264f7070b497bf80f480f08c73') in 0.026584 seconds 
========================================================================
Received Import Request.
  Time since last request: 0.002440 seconds.
  path: Assets/Gizmos/ProCamera2D/gizmo_icon_start.png
  artifactKey: Guid(146c492a637114b3ba06020960109be8) Importer(815301076,1909f56bfc062723c751e8b465ee728b)
Start importing Assets/Gizmos/ProCamera2D/gizmo_icon_start.png using Guid(146c492a637114b3ba06020960109be8) Importer(815301076,1909f56bfc062723c751e8b465ee728b)  -> (artifact id: 'b361fb7a567c60e5e1916efb30325b65') in 0.026067 seconds 
========================================================================
Received Import Request.
  Time since last request: 0.001849 seconds.
  path: Packages/com.unity.textmeshpro/package.json
  artifactKey: Guid(220e9325710f4235a43492dd1ee4980d) Importer(815301076,1909f56bfc062723c751e8b465ee728b)
Start importing Packages/com.unity.textmeshpro/package.json using Guid(220e9325710f4235a43492dd1ee4980d) Importer(815301076,1909f56bfc062723c751e8b465ee728b)  -> (artifact id: '7f445814511be1caffb984507b3a4793') in 0.002111 seconds 
========================================================================
Received Import Request.
  Time since last request: 0.000425 seconds.
  path: Assets/Gizmos/ProCamera2D/gizmo_icon_influence.png
  artifactKey: Guid(95d2331b299ce4e8883143c3248741d2) Importer(815301076,1909f56bfc062723c751e8b465ee728b)
Start importing Assets/Gizmos/ProCamera2D/gizmo_icon_influence.png using Guid(95d2331b299ce4e8883143c3248741d2) Importer(815301076,1909f56bfc062723c751e8b465ee728b)  -> (artifact id: 'c2d2912439a8c3b053f72bec03e4f020') in 0.010359 seconds 
========================================================================
Received Import Request.
  Time since last request: 0.000112 seconds.
  path: Packages/com.unity.ide.vscode/package.json
  artifactKey: Guid(ffc6271f08270b64ca0aae9c49235d81) Importer(815301076,1909f56bfc062723c751e8b465ee728b)
Start importing Packages/com.unity.ide.vscode/package.json using Guid(ffc6271f08270b64ca0aae9c49235d81) Importer(815301076,1909f56bfc062723c751e8b465ee728b)  -> (artifact id: '03a19ff9fc36cb7dbd88e074f13c00e0') in 0.017397 seconds 
========================================================================
Received Import Request.
  Time since last request: 0.000094 seconds.
  path: Assets/Gizmos/ProCamera2D/gizmo_icon_exclusive.png
  artifactKey: Guid(8425a5251e48a41579b9be9f6d2cee8a) Importer(815301076,1909f56bfc062723c751e8b465ee728b)
Start importing Assets/Gizmos/ProCamera2D/gizmo_icon_exclusive.png using Guid(8425a5251e48a41579b9be9f6d2cee8a) Importer(815301076,1909f56bfc062723c751e8b465ee728b)  -> (artifact id: 'd11c083de9bde85e53b0466f1b32a805') in 0.011044 seconds 
========================================================================
Received Import Request.
  Time since last request: 0.000069 seconds.
  path: Assets/Gizmos/ProCamera2D/gizmo_icon_zoom_in.png
  artifactKey: Guid(1655ff4e4cb3442ce891f307a053fbc0) Importer(815301076,1909f56bfc062723c751e8b465ee728b)
Start importing Assets/Gizmos/ProCamera2D/gizmo_icon_zoom_in.png using Guid(1655ff4e4cb3442ce891f307a053fbc0) Importer(815301076,1909f56bfc062723c751e8b465ee728b)  -> (artifact id: 'b966b82cc14eca8828b14d14bbee966c') in 0.028026 seconds 
========================================================================
Received Import Request.
  Time since last request: 0.000084 seconds.
  path: Assets/Gizmos/ProCamera2D/gizmo_icon_reset.png
  artifactKey: Guid(ca98fe66164444ca795e766b705532dc) Importer(815301076,1909f56bfc062723c751e8b465ee728b)
Start importing Assets/Gizmos/ProCamera2D/gizmo_icon_reset.png using Guid(ca98fe66164444ca795e766b705532dc) Importer(815301076,1909f56bfc062723c751e8b465ee728b)  -> (artifact id: 'fa62b451308fd9504fec3a6cb7ea65ce') in 0.020240 seconds 
========================================================================
Received Import Request.
  Time since last request: 0.000091 seconds.
  path: Assets/Gizmos/ProCamera2D/gizmo_icon_bound_bottom.png
  artifactKey: Guid(c627a8a53aa294a70a36056c104b3b5a) Importer(815301076,1909f56bfc062723c751e8b465ee728b)
Start importing Assets/Gizmos/ProCamera2D/gizmo_icon_bound_bottom.png using Guid(c627a8a53aa294a70a36056c104b3b5a) Importer(815301076,1909f56bfc062723c751e8b465ee728b)  -> (artifact id: '6c4889c0eab103484fe90363d7b436a7') in 0.033497 seconds 
========================================================================
Received Import Request.
  Time since last request: 0.003877 seconds.
  path: Assets/Gizmos/ProCamera2D/pro_camera_2d_plugin_icon.png
  artifactKey: Guid(06630250d7ee2470285f59775795b437) Importer(815301076,1909f56bfc062723c751e8b465ee728b)
Start importing Assets/Gizmos/ProCamera2D/pro_camera_2d_plugin_icon.png using Guid(06630250d7ee2470285f59775795b437) Importer(815301076,1909f56bfc062723c751e8b465ee728b)  -> (artifact id: 'fce5934f99bbdd678d4b5d137caaaf4e') in 0.025343 seconds 
========================================================================
Received Import Request.
  Time since last request: 0.000099 seconds.
  path: Assets/Gizmos/ProCamera2D/gizmo_icon_bg.png
  artifactKey: Guid(e4e2e32188e0247e9b788f76409f0db7) Importer(815301076,1909f56bfc062723c751e8b465ee728b)
Start importing Assets/Gizmos/ProCamera2D/gizmo_icon_bg.png using Guid(e4e2e32188e0247e9b788f76409f0db7) Importer(815301076,1909f56bfc062723c751e8b465ee728b)  -> (artifact id: '3cdf6c0ff7325ea69d319fa76f4756d0') in 0.027400 seconds 
========================================================================
Received Import Request.
  Time since last request: 0.000092 seconds.
  path: Packages/com.unity.ugui/package.json
  artifactKey: Guid(319b8889f363f5947acf209c17a94149) Importer(815301076,1909f56bfc062723c751e8b465ee728b)
Start importing Packages/com.unity.ugui/package.json using Guid(319b8889f363f5947acf209c17a94149) Importer(815301076,1909f56bfc062723c751e8b465ee728b)  -> (artifact id: '1002360e272cf591a214daa5cb5c75f8') in 0.019121 seconds 
========================================================================
Received Import Request.
  Time since last request: 0.036703 seconds.
  path: Packages/com.unity.timeline/package.json
  artifactKey: Guid(13a9c1b4df2e489e8eb9cacca7429596) Importer(815301076,1909f56bfc062723c751e8b465ee728b)
Start importing Packages/com.unity.timeline/package.json using Guid(13a9c1b4df2e489e8eb9cacca7429596) Importer(815301076,1909f56bfc062723c751e8b465ee728b)  -> (artifact id: '6d404f743660f20101e58e9e0bacec40') in 0.002311 seconds 
========================================================================
Received Import Request.
  Time since last request: 0.000066 seconds.
  path: Packages/com.unity.mathematics/package.json
  artifactKey: Guid(d34d0af25c21141a98c0cf3c0066444f) Importer(815301076,1909f56bfc062723c751e8b465ee728b)
Start importing Packages/com.unity.mathematics/package.json using Guid(d34d0af25c21141a98c0cf3c0066444f) Importer(815301076,1909f56bfc062723c751e8b465ee728b)  -> (artifact id: '55f4e59aacd5cc3a6f0e1ad17439dbea') in 0.002515 seconds 
========================================================================
Received Import Request.
  Time since last request: 0.000082 seconds.
  path: Packages/com.unity.nuget.newtonsoft-json/package.json
  artifactKey: Guid(f8d4e5c2f2df25449ae8c391afbe5114) Importer(815301076,1909f56bfc062723c751e8b465ee728b)
Start importing Packages/com.unity.nuget.newtonsoft-json/package.json using Guid(f8d4e5c2f2df25449ae8c391afbe5114) Importer(815301076,1909f56bfc062723c751e8b465ee728b)  -> (artifact id: 'cbead0080f82a174104655e6ae76ce5b') in 0.001893 seconds 
========================================================================
Received Import Request.
  Time since last request: 0.000326 seconds.
  path: Assets/Gizmos/ProCamera2D/gizmo_icon_exclusive_free.png
  artifactKey: Guid(d999cb17d1edf41129203a5e3174c832) Importer(815301076,1909f56bfc062723c751e8b465ee728b)
Start importing Assets/Gizmos/ProCamera2D/gizmo_icon_exclusive_free.png using Guid(d999cb17d1edf41129203a5e3174c832) Importer(815301076,1909f56bfc062723c751e8b465ee728b)  -> (artifact id: '7957654ed35b78abf7ac3868de6cf1e1') in 0.009805 seconds 
========================================================================
Received Import Request.
  Time since last request: 14.280860 seconds.
  path: Assets/AnimationImporter/Editor/AnimationAssetPostProcessor.cs
  artifactKey: Guid(c84d74830005b57468ab23001aaa26a5) Importer(815301076,1909f56bfc062723c751e8b465ee728b)
Start importing Assets/AnimationImporter/Editor/AnimationAssetPostProcessor.cs using Guid(c84d74830005b57468ab23001aaa26a5) Importer(815301076,1909f56bfc062723c751e8b465ee728b)  -> (artifact id: '6aa625e2a385c410c3d53e17a7fc84dd') in 0.452406 seconds 
========================================================================
Received Import Request.
  Time since last request: 4.283843 seconds.
  path: Assets/AnimationImporter/Editor/AnimationImporter.cs
  artifactKey: Guid(0cea1db75d4406449b704e32364456ad) Importer(815301076,1909f56bfc062723c751e8b465ee728b)
Start importing Assets/AnimationImporter/Editor/AnimationImporter.cs using Guid(0cea1db75d4406449b704e32364456ad) Importer(815301076,1909f56bfc062723c751e8b465ee728b)  -> (artifact id: '08f45b86d1958a4775b2039bebb3b54a') in 0.001748 seconds 
========================================================================
Received Import Request.
  Time since last request: 4.933188 seconds.
  path: Assets/AnimationImporter/Editor/AnimationImporterWindow.cs
  artifactKey: Guid(189462165cb8c1f429b1dd19cff7de8e) Importer(815301076,1909f56bfc062723c751e8b465ee728b)
Start importing Assets/AnimationImporter/Editor/AnimationImporterWindow.cs using Guid(189462165cb8c1f429b1dd19cff7de8e) Importer(815301076,1909f56bfc062723c751e8b465ee728b)  -> (artifact id: '71ae4f11814c81634d79ef1ca5b0605b') in 0.001582 seconds 
========================================================================
Received Import Request.
  Time since last request: 0.707526 seconds.
  path: Assets/AnimationImporter/Editor/AnimationImportJob.cs
  artifactKey: Guid(ffe6ad10d1d0540478ef6ee69d7cfd7b) Importer(815301076,1909f56bfc062723c751e8b465ee728b)
Start importing Assets/AnimationImporter/Editor/AnimationImportJob.cs using Guid(ffe6ad10d1d0540478ef6ee69d7cfd7b) Importer(815301076,1909f56bfc062723c751e8b465ee728b)  -> (artifact id: 'ff3a4c1bbe7f20c1502e018c300d67c3') in 0.001923 seconds 
========================================================================
Received Import Request.
  Time since last request: 0.418017 seconds.
  path: Assets/AnimationImporter/Editor/Aseprite
  artifactKey: Guid(a44c01b44379a9641adc693544610f58) Importer(815301076,1909f56bfc062723c751e8b465ee728b)
Start importing Assets/AnimationImporter/Editor/Aseprite using Guid(a44c01b44379a9641adc693544610f58) Importer(815301076,1909f56bfc062723c751e8b465ee728b)  -> (artifact id: 'dab167e6cb8b953fe468b6ac22aa54ca') in 0.002257 seconds 
========================================================================
Received Import Request.
  Time since last request: 0.239065 seconds.
  path: Assets/AnimationImporter/Editor/Config
  artifactKey: Guid(104e253b6414654439ad204e981e5864) Importer(815301076,1909f56bfc062723c751e8b465ee728b)
Start importing Assets/AnimationImporter/Editor/Config using Guid(104e253b6414654439ad204e981e5864) Importer(815301076,1909f56bfc062723c751e8b465ee728b)  -> (artifact id: '4319482eb0b5d8fdd6ae55de774c1d4c') in 0.003836 seconds 
========================================================================
Received Import Request.
  Time since last request: 0.068884 seconds.
  path: Assets/AnimationImporter/Editor/IAnimationImporterPlugin.cs
  artifactKey: Guid(ffbb465908f567a4886125732bdd23ec) Importer(815301076,1909f56bfc062723c751e8b465ee728b)
Start importing Assets/AnimationImporter/Editor/IAnimationImporterPlugin.cs using Guid(ffbb465908f567a4886125732bdd23ec) Importer(815301076,1909f56bfc062723c751e8b465ee728b)  -> (artifact id: '4cca405933f826e897f60f48de00acec') in 0.001934 seconds 
========================================================================
Received Import Request.
  Time since last request: 0.080229 seconds.
  path: Assets/AnimationImporter/Editor/ImportedData
  artifactKey: Guid(ac5b707bc428abf459dd412687cb6fd5) Importer(815301076,1909f56bfc062723c751e8b465ee728b)
Start importing Assets/AnimationImporter/Editor/ImportedData using Guid(ac5b707bc428abf459dd412687cb6fd5) Importer(815301076,1909f56bfc062723c751e8b465ee728b)  -> (artifact id: 'b1f4ac804c83f2d183d898dbcbdfca0a') in 0.002428 seconds 
========================================================================
Received Import Request.
  Time since last request: 5.806491 seconds.
  path: Assets/AnimationImporter/Editor/Config/AnimationImporterSharedConfig.cs
  artifactKey: Guid(5d52663f1e64b4a539cad6cb8f3e65ed) Importer(815301076,1909f56bfc062723c751e8b465ee728b)
Start importing Assets/AnimationImporter/Editor/Config/AnimationImporterSharedConfig.cs using Guid(5d52663f1e64b4a539cad6cb8f3e65ed) Importer(815301076,1909f56bfc062723c751e8b465ee728b)  -> (artifact id: '2ad928f54447ed72376b4692c194d214') in 0.001471 seconds 
========================================================================
Received Import Request.
  Time since last request: 1.232857 seconds.
  path: Assets/AnimationImporter/Editor/Config/AnimationImporterSharedConfigEditor.cs
  artifactKey: Guid(859b62f90389442268f25da51b3944a5) Importer(815301076,1909f56bfc062723c751e8b465ee728b)
Start importing Assets/AnimationImporter/Editor/Config/AnimationImporterSharedConfigEditor.cs using Guid(859b62f90389442268f25da51b3944a5) Importer(815301076,1909f56bfc062723c751e8b465ee728b)  -> (artifact id: 'e9ec125dbd860bfecbf4060df4fb771e') in 0.001652 seconds 
========================================================================
Received Import Request.
  Time since last request: 0.824099 seconds.
  path: Assets/AnimationImporter/Editor/Config/AnimationTargetObjectType.cs
  artifactKey: Guid(0d8bef4a0cb6ef0498e0d6f9cca99929) Importer(815301076,1909f56bfc062723c751e8b465ee728b)
Start importing Assets/AnimationImporter/Editor/Config/AnimationTargetObjectType.cs using Guid(0d8bef4a0cb6ef0498e0d6f9cca99929) Importer(815301076,1909f56bfc062723c751e8b465ee728b)  -> (artifact id: 'd8d9047c769a72e65b1217056fa2a97d') in 0.001608 seconds 
========================================================================
Received Import Request.
  Time since last request: 0.244726 seconds.
  path: Assets/AnimationImporter/Editor/Config/AssetTargetLocation.cs
  artifactKey: Guid(420091b3175075740a4b7a106273ab46) Importer(815301076,1909f56bfc062723c751e8b465ee728b)
Start importing Assets/AnimationImporter/Editor/Config/AssetTargetLocation.cs using Guid(420091b3175075740a4b7a106273ab46) Importer(815301076,1909f56bfc062723c751e8b465ee728b)  -> (artifact id: '7d5bae59202cf4e90a1867e17758ec64') in 0.001497 seconds 
========================================================================
Received Import Request.
  Time since last request: 0.029550 seconds.
  path: Assets/AnimationImporter/Editor/Config/AssetTargetLocationType.cs
  artifactKey: Guid(42366870179801547afab1437f5919fc) Importer(815301076,1909f56bfc062723c751e8b465ee728b)
Start importing Assets/AnimationImporter/Editor/Config/AssetTargetLocationType.cs using Guid(42366870179801547afab1437f5919fc) Importer(815301076,1909f56bfc062723c751e8b465ee728b)  -> (artifact id: 'b586f09c31b4817c3864c5f43d643563') in 0.001587 seconds 
========================================================================
Received Import Request.
  Time since last request: 0.049175 seconds.
  path: Assets/AnimationImporter/Editor/Config/ImportAnimatorController.cs
  artifactKey: Guid(4f8dffe893944244b91d18f77b6bca76) Importer(815301076,1909f56bfc062723c751e8b465ee728b)
Start importing Assets/AnimationImporter/Editor/Config/ImportAnimatorController.cs using Guid(4f8dffe893944244b91d18f77b6bca76) Importer(815301076,1909f56bfc062723c751e8b465ee728b)  -> (artifact id: '2dd1a31ac842afba49e5bca7963f5d0c') in 0.003037 seconds 
========================================================================
Received Import Request.
  Time since last request: 0.028786 seconds.
  path: Assets/AnimationImporter/Editor/Config/PreviousImportSettings.cs
  artifactKey: Guid(52d215d38560a3b43aed38e0664227c4) Importer(815301076,1909f56bfc062723c751e8b465ee728b)
Start importing Assets/AnimationImporter/Editor/Config/PreviousImportSettings.cs using Guid(52d215d38560a3b43aed38e0664227c4) Importer(815301076,1909f56bfc062723c751e8b465ee728b)  -> (artifact id: '9761aa2911966a51ffa2c8a4c64f7c83') in 0.002101 seconds 
========================================================================
Received Import Request.
  Time since last request: 0.036861 seconds.
  path: Assets/AnimationImporter/Editor/Config/SpriteNaming.cs
  artifactKey: Guid(7a9b21aa037c1f84f8174681cb77cb6c) Importer(815301076,1909f56bfc062723c751e8b465ee728b)
Start importing Assets/AnimationImporter/Editor/Config/SpriteNaming.cs using Guid(7a9b21aa037c1f84f8174681cb77cb6c) Importer(815301076,1909f56bfc062723c751e8b465ee728b)  -> (artifact id: '3eb87aa1606c2c9d46eb2c64d85c0099') in 0.003923 seconds 
========================================================================
Received Import Request.
  Time since last request: 106.601552 seconds.
  path: Assets/Image/background.png
  artifactKey: Guid(3671b2f717cc8403c95f34c254a6496f) Importer(815301076,1909f56bfc062723c751e8b465ee728b)
Start importing Assets/Image/background.png using Guid(3671b2f717cc8403c95f34c254a6496f) Importer(815301076,1909f56bfc062723c751e8b465ee728b)  -> (artifact id: '3b6b2914d8888eb71ee715ab47fb7272') in 0.110516 seconds 
========================================================================
Received Import Request.
  Time since last request: 5.527746 seconds.
  path: Assets/Image/color-corn.png
  artifactKey: Guid(36b4d4d8ce1b14f1b8e37a9f2e5a4320) Importer(815301076,1909f56bfc062723c751e8b465ee728b)
Start importing Assets/Image/color-corn.png using Guid(36b4d4d8ce1b14f1b8e37a9f2e5a4320) Importer(815301076,1909f56bfc062723c751e8b465ee728b)  -> (artifact id: 'a1eecb346a7fd745299d3aeed46b9fa1') in 0.015374 seconds 
========================================================================
Received Import Request.
  Time since last request: 3.470125 seconds.
  path: Assets/Image/player.png
  artifactKey: Guid(2433af90b6bc24da8ba2f408a57d3a34) Importer(815301076,1909f56bfc062723c751e8b465ee728b)
Start importing Assets/Image/player.png using Guid(2433af90b6bc24da8ba2f408a57d3a34) Importer(815301076,1909f56bfc062723c751e8b465ee728b)  -> (artifact id: 'fb1eac7c3b8cb19c19af73d4a7eeefe3') in 0.016830 seconds 
========================================================================
Received Import Request.
  Time since last request: 27.153711 seconds.
  path: Assets/AnimationImporter/readme.txt
  artifactKey: Guid(a767a8612ef80944f8e88176ae2261c1) Importer(2089858483,934ff659095e30574adcf32a4c2f97b5)
Start importing Assets/AnimationImporter/readme.txt using Guid(a767a8612ef80944f8e88176ae2261c1) Importer(2089858483,934ff659095e30574adcf32a4c2f97b5)  -> (artifact id: 'b67119ad44c1e953f637f7ea71be9ca0') in 2.692468 seconds 
========================================================================
Received Import Request.
  Time since last request: 0.000138 seconds.
  path: Assets/ProCamera2D/TransitionFX Textures/radial_wipe.png
  artifactKey: Guid(f5d49a80d094747bbbd940d4d2cf4d3e) Importer(2089858483,934ff659095e30574adcf32a4c2f97b5)
Start importing Assets/ProCamera2D/TransitionFX Textures/radial_wipe.png using Guid(f5d49a80d094747bbbd940d4d2cf4d3e) Importer(2089858483,934ff659095e30574adcf32a4c2f97b5)  -> (artifact id: '2cd2205c586d63df6f52b7d294886239') in 0.013807 seconds 
========================================================================
Received Import Request.
  Time since last request: 0.000080 seconds.
  path: Assets/Gizmos/ProCamera2D/gizmo_icon_bound_left.png
  artifactKey: Guid(d7d83fbcde0de4dc294b4d1592e21d7e) Importer(2089858483,934ff659095e30574adcf32a4c2f97b5)
Start importing Assets/Gizmos/ProCamera2D/gizmo_icon_bound_left.png using Guid(d7d83fbcde0de4dc294b4d1592e21d7e) Importer(2089858483,934ff659095e30574adcf32a4c2f97b5)  -> (artifact id: 'c42dabafb40704e9161402229456dd67') in 0.011260 seconds 
========================================================================
Received Import Request.
  Time since last request: 0.000693 seconds.
  path: Assets/ProCamera2D/TransitionFX Textures/circles.png
  artifactKey: Guid(18b2f3f5a390c41228b5f04c5e8e6ca5) Importer(2089858483,934ff659095e30574adcf32a4c2f97b5)
Start importing Assets/ProCamera2D/TransitionFX Textures/circles.png using Guid(18b2f3f5a390c41228b5f04c5e8e6ca5) Importer(2089858483,934ff659095e30574adcf32a4c2f97b5)  -> (artifact id: 'c117c71f1eee40c9c32113896956c8f4') in 0.021185 seconds 
========================================================================
Received Import Request.
  Time since last request: 0.000074 seconds.
  path: Assets/AnimationImporter/Editor/Utilities/AssetDatabaseUtility.cs
  artifactKey: Guid(9011cd088bbf74886a315fcd8b8908af) Importer(2089858483,934ff659095e30574adcf32a4c2f97b5)
Start importing Assets/AnimationImporter/Editor/Utilities/AssetDatabaseUtility.cs using Guid(9011cd088bbf74886a315fcd8b8908af) Importer(2089858483,934ff659095e30574adcf32a4c2f97b5)  -> (artifact id: 'd1a9da15b08478214738506da80a31c6') in 0.005682 seconds 
========================================================================
Received Import Request.
  Time since last request: 0.000434 seconds.
  path: Assets/Gizmos/ProCamera2D/gizmo_icon_rails_disable.png
  artifactKey: Guid(389f2e7028353462296239a32f377f8a) Importer(2089858483,934ff659095e30574adcf32a4c2f97b5)
Start importing Assets/Gizmos/ProCamera2D/gizmo_icon_rails_disable.png using Guid(389f2e7028353462296239a32f377f8a) Importer(2089858483,934ff659095e30574adcf32a4c2f97b5)  -> (artifact id: '39d3e3f65d55a58313b955206ac10fa0') in 0.006301 seconds 
========================================================================
Received Import Request.
  Time since last request: 0.000072 seconds.
  path: Assets/ProCamera2D/Code/Extensions/ProCamera2DLimitDistance.cs
  artifactKey: Guid(37203e96e63794cd38c73c6c90eae460) Importer(2089858483,934ff659095e30574adcf32a4c2f97b5)
Start importing Assets/ProCamera2D/Code/Extensions/ProCamera2DLimitDistance.cs using Guid(37203e96e63794cd38c73c6c90eae460) Importer(2089858483,934ff659095e30574adcf32a4c2f97b5)  -> (artifact id: '6e0c7a22a3d4df6b68c0a5eb74ead723') in 0.002676 seconds 
========================================================================
Received Import Request.
  Time since last request: 0.000047 seconds.
  path: Assets/ProCamera2D/3rd Party Plugins Support/PlayMakerActions/PC2DApplyInfluence.cs
  artifactKey: Guid(611af58ca60fe412991c4986aac7a75c) Importer(2089858483,934ff659095e30574adcf32a4c2f97b5)
Start importing Assets/ProCamera2D/3rd Party Plugins Support/PlayMakerActions/PC2DApplyInfluence.cs using Guid(611af58ca60fe412991c4986aac7a75c) Importer(2089858483,934ff659095e30574adcf32a4c2f97b5)  -> (artifact id: 'e543558dd669abf44f433a7936e6fa04') in 0.003195 seconds 
========================================================================
Received Import Request.
  Time since last request: 0.000084 seconds.
  path: Assets/ProCamera2D/3rd Party Plugins Support/PlayMakerActions/FsmStateActionProCamera2DBase.cs
  artifactKey: Guid(33edf1f9303c74077bb85600276840bb) Importer(2089858483,934ff659095e30574adcf32a4c2f97b5)
Start importing Assets/ProCamera2D/3rd Party Plugins Support/PlayMakerActions/FsmStateActionProCamera2DBase.cs using Guid(33edf1f9303c74077bb85600276840bb) Importer(2089858483,934ff659095e30574adcf32a4c2f97b5)  -> (artifact id: '70c94aa700070d4b8c598ba56ec0067c') in 0.006380 seconds 
========================================================================
Received Import Request.
  Time since last request: 0.000057 seconds.
  path: Assets/Gizmos/ProCamera2D/gizmo_icon_zoom_in.png
  artifactKey: Guid(1655ff4e4cb3442ce891f307a053fbc0) Importer(2089858483,934ff659095e30574adcf32a4c2f97b5)
Start importing Assets/Gizmos/ProCamera2D/gizmo_icon_zoom_in.png using Guid(1655ff4e4cb3442ce891f307a053fbc0) Importer(2089858483,934ff659095e30574adcf32a4c2f97b5)  -> (artifact id: '5e51039579aae651821674e590bf1647') in 0.012024 seconds 
========================================================================
Received Import Request.
  Time since last request: 0.000060 seconds.
  path: Assets/Gizmos/ProCamera2D/gizmo_icon_bg.png
  artifactKey: Guid(e4e2e32188e0247e9b788f76409f0db7) Importer(2089858483,934ff659095e30574adcf32a4c2f97b5)
Start importing Assets/Gizmos/ProCamera2D/gizmo_icon_bg.png using Guid(e4e2e32188e0247e9b788f76409f0db7) Importer(2089858483,934ff659095e30574adcf32a4c2f97b5)  -> (artifact id: '9de8bb54aaf37cd018754a8a27a775b0') in 0.025807 seconds 
========================================================================
Received Import Request.
  Time since last request: 0.000059 seconds.
  path: Assets/AnimationImporter/Editor/Config/PreviousImportSettings.cs
  artifactKey: Guid(52d215d38560a3b43aed38e0664227c4) Importer(2089858483,934ff659095e30574adcf32a4c2f97b5)
Start importing Assets/AnimationImporter/Editor/Config/PreviousImportSettings.cs using Guid(52d215d38560a3b43aed38e0664227c4) Importer(2089858483,934ff659095e30574adcf32a4c2f97b5)  -> (artifact id: 'ae63033d85bf53893deba85ef25d05d4') in 0.003215 seconds 
========================================================================
Received Import Request.
  Time since last request: 0.000124 seconds.
  path: Assets/AnimationImporter/Editor/AnimationImporter.cs
  artifactKey: Guid(0cea1db75d4406449b704e32364456ad) Importer(2089858483,934ff659095e30574adcf32a4c2f97b5)
Start importing Assets/AnimationImporter/Editor/AnimationImporter.cs using Guid(0cea1db75d4406449b704e32364456ad) Importer(2089858483,934ff659095e30574adcf32a4c2f97b5)  -> (artifact id: '21d402900b41223602610e42629b4466') in 0.002530 seconds 
========================================================================
Received Import Request.
  Time since last request: 0.000086 seconds.
  path: Assets/AnimationImporter/Editor/Utilities/ScriptableObjectUtility.cs
  artifactKey: Guid(e5bf0ea2b912b41b080813f3672f7d45) Importer(2089858483,934ff659095e30574adcf32a4c2f97b5)
Start importing Assets/AnimationImporter/Editor/Utilities/ScriptableObjectUtility.cs using Guid(e5bf0ea2b912b41b080813f3672f7d45) Importer(2089858483,934ff659095e30574adcf32a4c2f97b5)  -> (artifact id: '14673e1e54ce778caedb2ddf1f0ceb2d') in 0.002585 seconds 
========================================================================
Received Import Request.
  Time since last request: 0.000047 seconds.
  path: Assets/Gizmos/ProCamera2D/pro_camera_2d_icon.png
  artifactKey: Guid(67c8808fdefd0477fa15756c5b37b2bc) Importer(2089858483,934ff659095e30574adcf32a4c2f97b5)
Start importing Assets/Gizmos/ProCamera2D/pro_camera_2d_icon.png using Guid(67c8808fdefd0477fa15756c5b37b2bc) Importer(2089858483,934ff659095e30574adcf32a4c2f97b5)  -> (artifact id: 'dbbb0dc2a449a3df0312c04727df12d3') in 0.010244 seconds 
========================================================================
Received Import Request.
  Time since last request: 0.000077 seconds.
  path: Assets/AnimationImporter/Editor/AnimationAssetPostProcessor.cs
  artifactKey: Guid(c84d74830005b57468ab23001aaa26a5) Importer(2089858483,934ff659095e30574adcf32a4c2f97b5)
Start importing Assets/AnimationImporter/Editor/AnimationAssetPostProcessor.cs using Guid(c84d74830005b57468ab23001aaa26a5) Importer(2089858483,934ff659095e30574adcf32a4c2f97b5)  -> (artifact id: 'e047f05b44e1f403710dcb5a72820d88') in 0.007373 seconds 
========================================================================
Received Import Request.
  Time since last request: 0.000075 seconds.
  path: Assets/Gizmos/ProCamera2D/gizmo_icon_exclusive_free.png
  artifactKey: Guid(d999cb17d1edf41129203a5e3174c832) Importer(2089858483,934ff659095e30574adcf32a4c2f97b5)
Start importing Assets/Gizmos/ProCamera2D/gizmo_icon_exclusive_free.png using Guid(d999cb17d1edf41129203a5e3174c832) Importer(2089858483,934ff659095e30574adcf32a4c2f97b5)  -> (artifact id: 'eac4aa873bf853f83007c371a88d592f') in 0.011404 seconds 
========================================================================
Received Import Request.
  Time since last request: 0.001355 seconds.
  path: Assets/ProCamera2D/3rd Party Plugins Support/PlayMakerActions/PC2DShakeConstantWithPreset.cs
  artifactKey: Guid(c6967cb7de0464c6da2e05c7bd01fa47) Importer(2089858483,934ff659095e30574adcf32a4c2f97b5)
Start importing Assets/ProCamera2D/3rd Party Plugins Support/PlayMakerActions/PC2DShakeConstantWithPreset.cs using Guid(c6967cb7de0464c6da2e05c7bd01fa47) Importer(2089858483,934ff659095e30574adcf32a4c2f97b5)  -> (artifact id: 'e6c1f3a780b8ad7a54036d2beffccd2e') in 0.003792 seconds 
========================================================================
Received Import Request.
  Time since last request: 0.001612 seconds.
  path: Assets/Source/Player.cs
  artifactKey: Guid(7be736ddc9084437d8eee35da80a1071) Importer(2089858483,934ff659095e30574adcf32a4c2f97b5)
Start importing Assets/Source/Player.cs using Guid(7be736ddc9084437d8eee35da80a1071) Importer(2089858483,934ff659095e30574adcf32a4c2f97b5)  -> (artifact id: '920e636e10d5a329f7a34a722b29a59d') in 0.003437 seconds 
========================================================================
Received Import Request.
  Time since last request: 0.000075 seconds.
  path: Assets/AnimationImporter/Editor/Config/SpriteNaming.cs
  artifactKey: Guid(7a9b21aa037c1f84f8174681cb77cb6c) Importer(2089858483,934ff659095e30574adcf32a4c2f97b5)
Start importing Assets/AnimationImporter/Editor/Config/SpriteNaming.cs using Guid(7a9b21aa037c1f84f8174681cb77cb6c) Importer(2089858483,934ff659095e30574adcf32a4c2f97b5)  -> (artifact id: '41eddfc6fd879da130772a0b700129f9') in 0.007140 seconds 
========================================================================
Received Import Request.
  Time since last request: 0.003194 seconds.
  path: Assets/ProCamera2D/Code/Extensions/ProCamera2DCinematics.cs
  artifactKey: Guid(963e3a12d9d70497eb85dd9797a55987) Importer(2089858483,934ff659095e30574adcf32a4c2f97b5)
Start importing Assets/ProCamera2D/Code/Extensions/ProCamera2DCinematics.cs using Guid(963e3a12d9d70497eb85dd9797a55987) Importer(2089858483,934ff659095e30574adcf32a4c2f97b5)  -> (artifact id: '49476e960192833c7832f60e3089cadb') in 0.005736 seconds 
========================================================================
Received Import Request.
  Time since last request: 0.000068 seconds.
  path: Assets/Sound/audiostock_electronica.mp3
  artifactKey: Guid(074b21a939c00429e8d7bcb867baf703) Importer(2089858483,934ff659095e30574adcf32a4c2f97b5)
Start importing Assets/Sound/audiostock_electronica.mp3 using Guid(074b21a939c00429e8d7bcb867baf703) Importer(2089858483,934ff659095e30574adcf32a4c2f97b5)  -> (artifact id: 'd3f09a9854ca0e17ec5789d0b51b3d1b') in 1.230200 seconds 
========================================================================
Received Import Request.
  Time since last request: 0.000173 seconds.
  path: Assets/ProCamera2D/Code/Extensions/ProCamera2DPanAndZoom.cs
  artifactKey: Guid(e1f4d7058517540a6926e80c9fef48db) Importer(2089858483,934ff659095e30574adcf32a4c2f97b5)
Start importing Assets/ProCamera2D/Code/Extensions/ProCamera2DPanAndZoom.cs using Guid(e1f4d7058517540a6926e80c9fef48db) Importer(2089858483,934ff659095e30574adcf32a4c2f97b5)  -> (artifact id: '8ce71d717bb81b35ca8b90c2e7ba23b7') in 0.097347 seconds 
========================================================================
Received Import Request.
  Time since last request: 0.006549 seconds.
  path: Assets/ProCamera2D/Code/Triggers/ProCamera2DTriggerZoom.cs
  artifactKey: Guid(3950df57a0260479f98ee99c1c09dd88) Importer(2089858483,934ff659095e30574adcf32a4c2f97b5)
Start importing Assets/ProCamera2D/Code/Triggers/ProCamera2DTriggerZoom.cs using Guid(3950df57a0260479f98ee99c1c09dd88) Importer(2089858483,934ff659095e30574adcf32a4c2f97b5)  -> (artifact id: '0f93a5fd530cec557fd2694dface7055') in 0.020622 seconds 
========================================================================
Received Import Request.
  Time since last request: 0.000066 seconds.
  path: Assets/ProCamera2D/Code/Triggers/ProCamera2DTriggerInfluence.cs
  artifactKey: Guid(f575cd06e33a64fb3b3dee83b1463abd) Importer(2089858483,934ff659095e30574adcf32a4c2f97b5)
Start importing Assets/ProCamera2D/Code/Triggers/ProCamera2DTriggerInfluence.cs using Guid(f575cd06e33a64fb3b3dee83b1463abd) Importer(2089858483,934ff659095e30574adcf32a4c2f97b5)  -> (artifact id: '90c14ebdd899d7da2aa2fc38e8ea70bd') in 0.013039 seconds 
========================================================================
Received Import Request.
  Time since last request: 0.000075 seconds.
  path: Assets/ProCamera2D/Code/Extensions/ProCamera2DPixelPerfect.cs
  artifactKey: Guid(17577239430844efcbdda516df8c1f8e) Importer(2089858483,934ff659095e30574adcf32a4c2f97b5)
Start importing Assets/ProCamera2D/Code/Extensions/ProCamera2DPixelPerfect.cs using Guid(17577239430844efcbdda516df8c1f8e) Importer(2089858483,934ff659095e30574adcf32a4c2f97b5)  -> (artifact id: '40705072995755e9c01465d6c2da537d') in 0.018495 seconds 
========================================================================
Received Import Request.
  Time since last request: 0.003328 seconds.
  path: Assets/ProCamera2D/3rd Party Plugins Support/PlayMakerActions/PC2DShakeWithPreset.cs
  artifactKey: Guid(500e8c49877254517b8bbf82a8eed57b) Importer(2089858483,934ff659095e30574adcf32a4c2f97b5)
Start importing Assets/ProCamera2D/3rd Party Plugins Support/PlayMakerActions/PC2DShakeWithPreset.cs using Guid(500e8c49877254517b8bbf82a8eed57b) Importer(2089858483,934ff659095e30574adcf32a4c2f97b5)  -> (artifact id: '1f2841e12733128f9e5736bda1952a49') in 0.003220 seconds 
========================================================================
Received Import Request.
  Time since last request: 0.000077 seconds.
  path: Assets/ProCamera2D/Code/Extensions/ProCamera2DPointerInfluence.cs
  artifactKey: Guid(e424e3d1203784bf28130fc345b6577b) Importer(2089858483,934ff659095e30574adcf32a4c2f97b5)
Start importing Assets/ProCamera2D/Code/Extensions/ProCamera2DPointerInfluence.cs using Guid(e424e3d1203784bf28130fc345b6577b) Importer(2089858483,934ff659095e30574adcf32a4c2f97b5)  -> (artifact id: 'f2fb09cc3834d6b41fe4d94cc156a450') in 0.011414 seconds 
========================================================================
Received Import Request.
  Time since last request: 0.000066 seconds.
  path: Assets/Gizmos/ProCamera2D/gizmo_icon_bound_top.png
  artifactKey: Guid(e1ed9e2df87cb4d93935a418e92da78c) Importer(2089858483,934ff659095e30574adcf32a4c2f97b5)
Start importing Assets/Gizmos/ProCamera2D/gizmo_icon_bound_top.png using Guid(e1ed9e2df87cb4d93935a418e92da78c) Importer(2089858483,934ff659095e30574adcf32a4c2f97b5)  -> (artifact id: 'b92dcbf112bd603f81e6cbeecf926762') in 0.005654 seconds 
========================================================================
Received Import Request.
  Time since last request: 0.000219 seconds.
  path: Assets/ProCamera2D/Code/Core/EnumUpdateType.cs
  artifactKey: Guid(40bf6ecc65d754092959189e66e01906) Importer(2089858483,934ff659095e30574adcf32a4c2f97b5)
Start importing Assets/ProCamera2D/Code/Core/EnumUpdateType.cs using Guid(40bf6ecc65d754092959189e66e01906) Importer(2089858483,934ff659095e30574adcf32a4c2f97b5)  -> (artifact id: 'fa9cb46e68b50b2a0b167d026ad56bb6') in 0.003057 seconds 
========================================================================
Received Import Request.
  Time since last request: 0.000134 seconds.
  path: Assets/AnimationImporter/Editor/PyxelEdit/PyxelEditData.cs
  artifactKey: Guid(5e6fa4d52dec7cf46a4ad8b13817d6e2) Importer(2089858483,934ff659095e30574adcf32a4c2f97b5)
Start importing Assets/AnimationImporter/Editor/PyxelEdit/PyxelEditData.cs using Guid(5e6fa4d52dec7cf46a4ad8b13817d6e2) Importer(2089858483,934ff659095e30574adcf32a4c2f97b5)  -> (artifact id: 'e994edd953690eaf69f810e80d891c2e') in 0.007069 seconds 
========================================================================
Received Import Request.
  Time since last request: 0.000054 seconds.
  path: Assets/ProCamera2D/Code/Core/BasePC2D.cs
  artifactKey: Guid(4eeae9fa8562d4f4eb938bab965d71ff) Importer(2089858483,934ff659095e30574adcf32a4c2f97b5)
Start importing Assets/ProCamera2D/Code/Core/BasePC2D.cs using Guid(4eeae9fa8562d4f4eb938bab965d71ff) Importer(2089858483,934ff659095e30574adcf32a4c2f97b5)  -> (artifact id: '4359cb842dd6504a4a8af943e26140b8') in 0.003551 seconds 
========================================================================
Received Import Request.
  Time since last request: 0.000053 seconds.
  path: Assets/ProCamera2D/TransitionFX Textures/clouds.png
  artifactKey: Guid(74e8842fa592e44f4a11e261de560e88) Importer(2089858483,934ff659095e30574adcf32a4c2f97b5)
Start importing Assets/ProCamera2D/TransitionFX Textures/clouds.png using Guid(74e8842fa592e44f4a11e261de560e88) Importer(2089858483,934ff659095e30574adcf32a4c2f97b5)  -> (artifact id: '13a8d570dfd91b90083ffd65344b3123') in 0.013296 seconds 
========================================================================
Received Import Request.
  Time since last request: 0.000308 seconds.
  path: Assets/AnimationImporter/Editor/PyxelEdit/Ionic.Zip.dll-readme.txt
  artifactKey: Guid(c6351af2b57942c4991f6fddeb9519ee) Importer(2089858483,934ff659095e30574adcf32a4c2f97b5)
Start importing Assets/AnimationImporter/Editor/PyxelEdit/Ionic.Zip.dll-readme.txt using Guid(c6351af2b57942c4991f6fddeb9519ee) Importer(2089858483,934ff659095e30574adcf32a4c2f97b5)  -> (artifact id: '2eaae529538ea4512783b3ed9476aa40') in 0.013392 seconds 
========================================================================
Received Import Request.
  Time since last request: 0.000066 seconds.
  path: Assets/ProCamera2D/3rd Party Plugins Support/PlayMakerActions/PC2DShakeWithValues.cs
  artifactKey: Guid(a3f7ef1b1bb374a619be19afd989a5e0) Importer(2089858483,934ff659095e30574adcf32a4c2f97b5)
Start importing Assets/ProCamera2D/3rd Party Plugins Support/PlayMakerActions/PC2DShakeWithValues.cs using Guid(a3f7ef1b1bb374a619be19afd989a5e0) Importer(2089858483,934ff659095e30574adcf32a4c2f97b5)  -> (artifact id: '578ddc49ebdca97b217c71a037b488e3') in 0.002818 seconds 
========================================================================
Received Import Request.
  Time since last request: 0.000065 seconds.
  path: Assets/ProCamera2D/Code/Extensions/ProCamera2DSpeedBasedZoom.cs
  artifactKey: Guid(852aabd699fd842b392ca48e4955f079) Importer(2089858483,934ff659095e30574adcf32a4c2f97b5)
Start importing Assets/ProCamera2D/Code/Extensions/ProCamera2DSpeedBasedZoom.cs using Guid(852aabd699fd842b392ca48e4955f079) Importer(2089858483,934ff659095e30574adcf32a4c2f97b5)  -> (artifact id: '1ba99197ee0853bbefa8ade745982ab6') in 0.003642 seconds 
========================================================================
Received Import Request.
  Time since last request: 0.000113 seconds.
  path: Assets/ProCamera2D/TransitionFX Textures/horizontal_bands.png
  artifactKey: Guid(9e828ce47d2ec40ee97bce3fe33af3ff) Importer(2089858483,934ff659095e30574adcf32a4c2f97b5)
Start importing Assets/ProCamera2D/TransitionFX Textures/horizontal_bands.png using Guid(9e828ce47d2ec40ee97bce3fe33af3ff) Importer(2089858483,934ff659095e30574adcf32a4c2f97b5)  -> (artifact id: '1eb1f42469b00a250b0620ddc6ed25b7') in 0.009174 seconds 
========================================================================
Received Import Request.
  Time since last request: 0.000064 seconds.
  path: Assets/Gizmos/ProCamera2D/gizmo_icon_reset.png
  artifactKey: Guid(ca98fe66164444ca795e766b705532dc) Importer(2089858483,934ff659095e30574adcf32a4c2f97b5)
Start importing Assets/Gizmos/ProCamera2D/gizmo_icon_reset.png using Guid(ca98fe66164444ca795e766b705532dc) Importer(2089858483,934ff659095e30574adcf32a4c2f97b5)  -> (artifact id: '99e9bb4fc6c532651b3123276b0f81ec') in 0.008220 seconds 
========================================================================
Received Import Request.
  Time since last request: 0.000068 seconds.
  path: Assets/AnimationImporter/Editor/Config/AnimationImporterSharedConfigEditor.cs
  artifactKey: Guid(859b62f90389442268f25da51b3944a5) Importer(2089858483,934ff659095e30574adcf32a4c2f97b5)
Start importing Assets/AnimationImporter/Editor/Config/AnimationImporterSharedConfigEditor.cs using Guid(859b62f90389442268f25da51b3944a5) Importer(2089858483,934ff659095e30574adcf32a4c2f97b5)  -> (artifact id: '00fa75ce8d0a4991b2fff03cd6578986') in 0.003279 seconds 
========================================================================
Received Import Request.
  Time since last request: 0.000071 seconds.
  path: Assets/ProCamera2D/Code/Core/MoveInColliderBoundaries.cs
  artifactKey: Guid(51b351be489d24540af410c7fc90e168) Importer(2089858483,934ff659095e30574adcf32a4c2f97b5)
Start importing Assets/ProCamera2D/Code/Core/MoveInColliderBoundaries.cs using Guid(51b351be489d24540af410c7fc90e168) Importer(2089858483,934ff659095e30574adcf32a4c2f97b5)  -> (artifact id: '6b46506a551dd9b5b11db85dbe136f45') in 0.003521 seconds 
========================================================================
Received Import Request.
  Time since last request: 0.000069 seconds.
  path: Assets/ProCamera2D/Code/Extensions/ProCamera2DShake.cs
  artifactKey: Guid(9ac0ec3d6ad5f4a3d9d184bc3773a3a7) Importer(2089858483,934ff659095e30574adcf32a4c2f97b5)
Start importing Assets/ProCamera2D/Code/Extensions/ProCamera2DShake.cs using Guid(9ac0ec3d6ad5f4a3d9d184bc3773a3a7) Importer(2089858483,934ff659095e30574adcf32a4c2f97b5)  -> (artifact id: 'b8eb25f7a9c9579be8f145dae67b3926') in 0.012524 seconds 
========================================================================
Received Import Request.
  Time since last request: 0.000142 seconds.
  path: Assets/ProCamera2D/Timeline/Timeline.unitypackage
  artifactKey: Guid(ed6c11761d4a848788eacd90287423b0) Importer(2089858483,934ff659095e30574adcf32a4c2f97b5)
Start importing Assets/ProCamera2D/Timeline/Timeline.unitypackage using Guid(ed6c11761d4a848788eacd90287423b0) Importer(2089858483,934ff659095e30574adcf32a4c2f97b5)  -> (artifact id: '78c12b4f1a4458f6c6f9300e908c158a') in 0.007171 seconds 
========================================================================
Received Import Request.
  Time since last request: 0.000146 seconds.
  path: Assets/AnimationImporter/Editor/Config/AssetTargetLocation.cs
  artifactKey: Guid(420091b3175075740a4b7a106273ab46) Importer(2089858483,934ff659095e30574adcf32a4c2f97b5)
Start importing Assets/AnimationImporter/Editor/Config/AssetTargetLocation.cs using Guid(420091b3175075740a4b7a106273ab46) Importer(2089858483,934ff659095e30574adcf32a4c2f97b5)  -> (artifact id: '173bff40d69d1fdb6e7867e59bb407a9') in 0.003288 seconds 
========================================================================
Received Import Request.
  Time since last request: 0.000107 seconds.
  path: Assets/ProCamera2D/3rd Party Plugins Support/PlayMakerActions/PC2DShakeStop.cs
  artifactKey: Guid(b191bb069dcb4420195550be064b2e39) Importer(2089858483,934ff659095e30574adcf32a4c2f97b5)
Start importing Assets/ProCamera2D/3rd Party Plugins Support/PlayMakerActions/PC2DShakeStop.cs using Guid(b191bb069dcb4420195550be064b2e39) Importer(2089858483,934ff659095e30574adcf32a4c2f97b5)  -> (artifact id: 'acbd04e5b753310b1f7515e4984a2566') in 0.003321 seconds 
========================================================================
Received Import Request.
  Time since last request: 0.000176 seconds.
  path: Assets/ProCamera2D/Code/Extensions/ProCamera2DParallax.cs
  artifactKey: Guid(2744f1f739b1144e291cf00c8531e49c) Importer(2089858483,934ff659095e30574adcf32a4c2f97b5)
Start importing Assets/ProCamera2D/Code/Extensions/ProCamera2DParallax.cs using Guid(2744f1f739b1144e291cf00c8531e49c) Importer(2089858483,934ff659095e30574adcf32a4c2f97b5)  -> (artifact id: '9cc06bc04535a4b532c2d6e764b1b149') in 0.003595 seconds 
========================================================================
Received Import Request.
  Time since last request: 0.000070 seconds.
  path: Assets/ProCamera2D/Code/Extensions/ProCamera2DRepeater.cs
  artifactKey: Guid(62bcf12df35894d6eb0b4501842b9249) Importer(2089858483,934ff659095e30574adcf32a4c2f97b5)
Start importing Assets/ProCamera2D/Code/Extensions/ProCamera2DRepeater.cs using Guid(62bcf12df35894d6eb0b4501842b9249) Importer(2089858483,934ff659095e30574adcf32a4c2f97b5)  -> (artifact id: 'bd1a94e648c04410dca3361bea9299b5') in 0.003741 seconds 
========================================================================
Received Import Request.
  Time since last request: 0.000081 seconds.
  path: Assets/ProCamera2D/3rd Party Plugins Support/PlayMakerActions/PC2DMoveCameraInstantlyToPosition.cs
  artifactKey: Guid(2ef04aa5c9317403d9948b45d47f24ea) Importer(2089858483,934ff659095e30574adcf32a4c2f97b5)
Start importing Assets/ProCamera2D/3rd Party Plugins Support/PlayMakerActions/PC2DMoveCameraInstantlyToPosition.cs using Guid(2ef04aa5c9317403d9948b45d47f24ea) Importer(2089858483,934ff659095e30574adcf32a4c2f97b5)  -> (artifact id: 'c4d1e9434526179bcaf838c2b9a1a93d') in 0.003737 seconds 
========================================================================
Received Import Request.
  Time since last request: 0.000166 seconds.
  path: Assets/AnimationImporter/Editor/Config/AnimationImporterSharedConfig.cs
  artifactKey: Guid(5d52663f1e64b4a539cad6cb8f3e65ed) Importer(2089858483,934ff659095e30574adcf32a4c2f97b5)
Start importing Assets/AnimationImporter/Editor/Config/AnimationImporterSharedConfig.cs using Guid(5d52663f1e64b4a539cad6cb8f3e65ed) Importer(2089858483,934ff659095e30574adcf32a4c2f97b5)  -> (artifact id: 'aa5c7f532bdc8eec8431cd9fd35ab0b6') in 0.008442 seconds 
========================================================================
Received Import Request.
  Time since last request: 0.000529 seconds.
  path: Assets/ProCamera2D/Code/Core/ISizeOverrider.cs
  artifactKey: Guid(2fa9ca6042aa143529e3cb816d3b4cae) Importer(2089858483,934ff659095e30574adcf32a4c2f97b5)
Start importing Assets/ProCamera2D/Code/Core/ISizeOverrider.cs using Guid(2fa9ca6042aa143529e3cb816d3b4cae) Importer(2089858483,934ff659095e30574adcf32a4c2f97b5)  -> (artifact id: 'c23683e6a14b56f13ca80e855b712550') in 0.002835 seconds 
========================================================================
Received Import Request.
  Time since last request: 0.001188 seconds.
  path: Assets/ProCamera2D/Code/Extensions/ProCamera2DCameraWindow.cs
  artifactKey: Guid(d7b9c22c96ab04d479afeb29c7b9bfc4) Importer(2089858483,934ff659095e30574adcf32a4c2f97b5)
Start importing Assets/ProCamera2D/Code/Extensions/ProCamera2DCameraWindow.cs using Guid(d7b9c22c96ab04d479afeb29c7b9bfc4) Importer(2089858483,934ff659095e30574adcf32a4c2f97b5)  -> (artifact id: '5349fdcc37a1837b9a5e2d205686687d') in 0.003722 seconds 
========================================================================
Received Import Request.
  Time since last request: 0.000069 seconds.
  path: Assets/ProCamera2D/Timeline/README.txt
  artifactKey: Guid(4d8d1aff50c134c6f9bd323f4d4bf66f) Importer(2089858483,934ff659095e30574adcf32a4c2f97b5)
Start importing Assets/ProCamera2D/Timeline/README.txt using Guid(4d8d1aff50c134c6f9bd323f4d4bf66f) Importer(2089858483,934ff659095e30574adcf32a4c2f97b5)  -> (artifact id: '2751b022796e97c0783b507e36fb1248') in 0.003387 seconds 
========================================================================
Received Import Request.
  Time since last request: 0.001532 seconds.
  path: Assets/ProCamera2D/Code/Core/ConstantShakePreset.cs
  artifactKey: Guid(2b203a55d908247b5a828b0c77fca2c1) Importer(2089858483,934ff659095e30574adcf32a4c2f97b5)
Start importing Assets/ProCamera2D/Code/Core/ConstantShakePreset.cs using Guid(2b203a55d908247b5a828b0c77fca2c1) Importer(2089858483,934ff659095e30574adcf32a4c2f97b5)  -> (artifact id: '9cbaf4a01ae9e63af627b5f195255c6b') in 0.008776 seconds 
========================================================================
Received Import Request.
  Time since last request: 0.000514 seconds.
  path: Assets/ProCamera2D/Presets/ConstantShake/EarthquakeHard.asset
  artifactKey: Guid(95769aec75c2d49ddb90af1600d6496c) Importer(2089858483,934ff659095e30574adcf32a4c2f97b5)
Start importing Assets/ProCamera2D/Presets/ConstantShake/EarthquakeHard.asset using Guid(95769aec75c2d49ddb90af1600d6496c) Importer(2089858483,934ff659095e30574adcf32a4c2f97b5)  -> (artifact id: '03f941447733f8ad2c6f0ab9aa7c4676') in 1.146973 seconds 
========================================================================
Received Prepare
Registering precompiled user dll's ...
Registered in 0.002835 seconds.
Begin MonoManager ReloadAssembly
Native extension for OSXStandalone target not found
Refreshing native plugins compatible for Editor in 0.73 ms, found 3 plugins.
Preloading 0 native plugins for Editor in 0.00 ms.
Mono: successfully reloaded assembly
- Completed reload, in  1.555 seconds
Domain Reload Profiling:
	ReloadAssembly (1556ms)
		BeginReloadAssembly (230ms)
			ExecutionOrderSort (0ms)
			DisableScriptedObjects (14ms)
			BackupInstance (0ms)
			ReleaseScriptingObjects (0ms)
			CreateAndSetChildDomain (61ms)
		EndReloadAssembly (1151ms)
			LoadAssemblies (140ms)
			RebuildTransferFunctionScriptingTraits (0ms)
			SetupTypeCache (368ms)
			ReleaseScriptCaches (1ms)
			RebuildScriptCaches (65ms)
			SetupLoadedEditorAssemblies (501ms)
				LogAssemblyErrors (0ms)
				InitializePlatformSupportModulesInManaged (11ms)
				SetLoadedEditorAssemblies (1ms)
				RefreshPlugins (1ms)
				BeforeProcessingInitializeOnLoad (56ms)
				ProcessInitializeOnLoadAttributes (387ms)
				ProcessInitializeOnLoadMethodAttributes (42ms)
				AfterProcessingInitializeOnLoad (2ms)
				EditorAssembliesLoaded (0ms)
			ExecutionOrderSort2 (0ms)
			AwakeInstancesAfterBackupRestoration (18ms)
Platform modules already initialized, skipping
Switching build target platform(2) subTarget(0) extendedPlatform(0) -> platform(13) subTarget(0) extendedPlatform(0)
Refreshing native plugins compatible for Editor in 0.56 ms, found 3 plugins.
Preloading 0 native plugins for Editor in 0.00 ms.
Unloading 2475 Unused Serialized files (Serialized files now loaded: 0)
Unloading 23 unused Assets / (21.9 KB). Loaded Objects now: 3229.
Memory consumption went from 262.1 MB to 262.0 MB.
Total: 4.707919 ms (FindLiveObjects: 0.311899 ms CreateObjectMapping: 0.199655 ms MarkObjects: 4.171867 ms  DeleteObjects: 0.023168 ms)

AssetImportParameters requested are different than current active one (requested -> active):
  custom:video-decoder-ogg-theora: a1e56fd34408186e4bbccfd4996cb3dc -> 
  custom:container-muxer-webm: aa71ff27fc2769a1b78a27578f13a17b -> 
  custom:container-demuxer-webm: 4f35f7cbe854078d1ac9338744f61a02 -> 
  custom:video-encoder-webm-vp8: eb34c28f22e8b96e1ab97ce403110664 -> 
  custom:framework-osx-AVFoundation: e770b220cccbd017edd2c1fefb359320 -> 
  custom:audio-encoder-webm-vorbis: bf7c407c2cedff20999df2af8eb42d56 -> 
  custom:SearchIndexIgnoredProperties: e643bd26f0fe6173181afceb89e7c659 -> 
  custom:container-demuxer-ogg: 62fdf1f143b41e24485cea50d1cbac27 -> 
  custom:video-decoder-webm-vp8: 9c59270c3fd7afecdb556c50c9e8de78 -> 
  custom:audio-decoder-ogg-vorbis: bf7c407c2cedff20999df2af8eb42d56 -> 
========================================================================
Received Prepare
Registering precompiled user dll's ...
Registered in 0.002710 seconds.
Begin MonoManager ReloadAssembly
Native extension for OSXStandalone target not found
Refreshing native plugins compatible for Editor in 1.15 ms, found 3 plugins.
Preloading 0 native plugins for Editor in 0.00 ms.
Mono: successfully reloaded assembly
- Completed reload, in  1.851 seconds
Domain Reload Profiling:
	ReloadAssembly (1852ms)
		BeginReloadAssembly (344ms)
			ExecutionOrderSort (0ms)
			DisableScriptedObjects (18ms)
			BackupInstance (0ms)
			ReleaseScriptingObjects (0ms)
			CreateAndSetChildDomain (76ms)
		EndReloadAssembly (1315ms)
			LoadAssemblies (245ms)
			RebuildTransferFunctionScriptingTraits (0ms)
			SetupTypeCache (411ms)
			ReleaseScriptCaches (2ms)
			RebuildScriptCaches (92ms)
			SetupLoadedEditorAssemblies (598ms)
				LogAssemblyErrors (0ms)
				InitializePlatformSupportModulesInManaged (16ms)
				SetLoadedEditorAssemblies (1ms)
				RefreshPlugins (1ms)
				BeforeProcessingInitializeOnLoad (81ms)
				ProcessInitializeOnLoadAttributes (456ms)
				ProcessInitializeOnLoadMethodAttributes (41ms)
				AfterProcessingInitializeOnLoad (2ms)
				EditorAssembliesLoaded (0ms)
			ExecutionOrderSort2 (0ms)
			AwakeInstancesAfterBackupRestoration (16ms)
Platform modules already initialized, skipping
Switching build target platform(2) subTarget(0) extendedPlatform(0) -> platform(13) subTarget(0) extendedPlatform(0)
Refreshing native plugins compatible for Editor in 0.71 ms, found 3 plugins.
Preloading 0 native plugins for Editor in 0.00 ms.
Unloading 2432 Unused Serialized files (Serialized files now loaded: 0)
Unloading 22 unused Assets / (21.9 KB). Loaded Objects now: 3231.
Memory consumption went from 260.8 MB to 260.7 MB.
Total: 3.771113 ms (FindLiveObjects: 0.248734 ms CreateObjectMapping: 0.139585 ms MarkObjects: 3.349242 ms  DeleteObjects: 0.032534 ms)

AssetImportParameters requested are different than current active one (requested -> active):
  custom:video-decoder-ogg-theora: a1e56fd34408186e4bbccfd4996cb3dc -> 
  custom:container-muxer-webm: aa71ff27fc2769a1b78a27578f13a17b -> 
  custom:container-demuxer-webm: 4f35f7cbe854078d1ac9338744f61a02 -> 
  custom:video-encoder-webm-vp8: eb34c28f22e8b96e1ab97ce403110664 -> 
  custom:framework-osx-AVFoundation: e770b220cccbd017edd2c1fefb359320 -> 
  custom:audio-encoder-webm-vorbis: bf7c407c2cedff20999df2af8eb42d56 -> 
  custom:SearchIndexIgnoredProperties: e643bd26f0fe6173181afceb89e7c659 -> 
  custom:container-demuxer-ogg: 62fdf1f143b41e24485cea50d1cbac27 -> 
  custom:video-decoder-webm-vp8: 9c59270c3fd7afecdb556c50c9e8de78 -> 
  custom:audio-decoder-ogg-vorbis: bf7c407c2cedff20999df2af8eb42d56 -> 
